# JRE version: Java(TM) SE Runtime Environment (7.0_75-b13) (build 1.7.0_75-b13)
# Java VM: Java HotSpot(TM) 64-Bit Server VM (24.75-b04 mixed mode windows-amd64 compressed oops)
Heap
 PSYoungGen      total 196608K, used 46473K [0x00000000f0000000, 0x0000000100000000, 0x0000000100000000)
  eden space 129536K, 32% used [0x00000000f0000000,0x00000000f29381c0,0x00000000f7e80000)
  from space 67072K, 6% used [0x00000000fbe80000,0x00000000fc2aa4c0,0x0000000100000000)
  to   space 65536K, 0% used [0x00000000f7e80000,0x00000000f7e80000,0x00000000fbe80000)
 ParOldGen       total 557056K, used 121483K [0x00000000ce000000, 0x00000000f0000000, 0x00000000f0000000)
  object space 557056K, 21% used [0x00000000ce000000,0x00000000d56a2c78,0x00000000f0000000)
 PSPermGen       total 101888K, used 101449K [0x00000000c6000000, 0x00000000cc380000, 0x00000000ce000000)
  object space 101888K, 99% used [0x00000000c6000000,0x00000000cc312468,0x00000000cc380000)
GC Heap History (10 events):
Event: 779.843 GC heap before
{Heap before GC invocations=12 (full 0):
 PSYoungGen      total 188928K, used 124276K [0x00000000f0000000, 0x0000000100000000, 0x0000000100000000)
  eden space 116224K, 100% used [0x00000000f0000000,0x00000000f7180000,0x00000000f7180000)
  from space 72704K, 11% used [0x00000000f7180000,0x00000000f795d340,0x00000000fb880000)
  to   space 72192K, 0% used [0x00000000fb980000,0x00000000fb980000,0x0000000100000000)
 ParOldGen       total 557056K, used 111501K [0x00000000ce000000, 0x00000000f0000000, 0x00000000f0000000)
  object space 557056K, 20% used [0x00000000ce000000,0x00000000d4ce3508,0x00000000f0000000)
 PSPermGen       total 96256K, used 95765K [0x00000000c6000000, 0x00000000cbe00000, 0x00000000ce000000)
  object space 96256K, 99% used [0x00000000c6000000,0x00000000cbd855c8,0x00000000cbe00000)
Event: 779.876 GC heap after
Heap after GC invocations=12 (full 0):
 PSYoungGen      total 190976K, used 10250K [0x00000000f0000000, 0x0000000100000000, 0x0000000100000000)
  eden space 118784K, 0% used [0x00000000f0000000,0x00000000f0000000,0x00000000f7400000)
  from space 72192K, 14% used [0x00000000fb980000,0x00000000fc382ab0,0x0000000100000000)
  to   space 71168K, 0% used [0x00000000f7400000,0x00000000f7400000,0x00000000fb980000)
 ParOldGen       total 557056K, used 114847K [0x00000000ce000000, 0x00000000f0000000, 0x00000000f0000000)
  object space 557056K, 20% used [0x00000000ce000000,0x00000000d5027ed8,0x00000000f0000000)
 PSPermGen       total 96256K, used 95765K [0x00000000c6000000, 0x00000000cbe00000, 0x00000000ce000000)
  object space 96256K, 99% used [0x00000000c6000000,0x00000000cbd855c8,0x00000000cbe00000)
}
Event: 2745.477 GC heap before
{Heap before GC invocations=13 (full 0):
 PSYoungGen      total 190976K, used 129034K [0x00000000f0000000, 0x0000000100000000, 0x0000000100000000)
  eden space 118784K, 100% used [0x00000000f0000000,0x00000000f7400000,0x00000000f7400000)
  from space 72192K, 14% used [0x00000000fb980000,0x00000000fc382ab0,0x0000000100000000)
  to   space 71168K, 0% used [0x00000000f7400000,0x00000000f7400000,0x00000000fb980000)
 ParOldGen       total 557056K, used 114847K [0x00000000ce000000, 0x00000000f0000000, 0x00000000f0000000)
  object space 557056K, 20% used [0x00000000ce000000,0x00000000d5027ed8,0x00000000f0000000)
 PSPermGen       total 97792K, used 97659K [0x00000000c6000000, 0x00000000cbf80000, 0x00000000ce000000)
  object space 97792K, 99% used [0x00000000c6000000,0x00000000cbf5ed40,0x00000000cbf80000)
Event: 2745.506 GC heap after
Heap after GC invocations=13 (full 0):
 PSYoungGen      total 189952K, used 9284K [0x00000000f0000000, 0x0000000100000000, 0x0000000100000000)
  eden space 118784K, 0% used [0x00000000f0000000,0x00000000f0000000,0x00000000f7400000)
  from space 71168K, 13% used [0x00000000f7400000,0x00000000f7d11010,0x00000000fb980000)
  to   space 69632K, 0% used [0x00000000fbc00000,0x00000000fbc00000,0x0000000100000000)
 ParOldGen       total 557056K, used 117055K [0x00000000ce000000, 0x00000000f0000000, 0x00000000f0000000)
  object space 557056K, 21% used [0x00000000ce000000,0x00000000d524fd18,0x00000000f0000000)
 PSPermGen       total 97792K, used 97659K [0x00000000c6000000, 0x00000000cbf80000, 0x00000000ce000000)
  object space 97792K, 99% used [0x00000000c6000000,0x00000000cbf5ed40,0x00000000cbf80000)
}
Event: 3959.962 GC heap before
{Heap before GC invocations=14 (full 0):
 PSYoungGen      total 189952K, used 128068K [0x00000000f0000000, 0x0000000100000000, 0x0000000100000000)
  eden space 118784K, 100% used [0x00000000f0000000,0x00000000f7400000,0x00000000f7400000)
  from space 71168K, 13% used [0x00000000f7400000,0x00000000f7d11010,0x00000000fb980000)
  to   space 69632K, 0% used [0x00000000fbc00000,0x00000000fbc00000,0x0000000100000000)
 ParOldGen       total 557056K, used 117055K [0x00000000ce000000, 0x00000000f0000000, 0x00000000f0000000)
  object space 557056K, 21% used [0x00000000ce000000,0x00000000d524fd18,0x00000000f0000000)
 PSPermGen       total 98816K, used 98738K [0x00000000c6000000, 0x00000000cc080000, 0x00000000ce000000)
  object space 98816K, 99% used [0x00000000c6000000,0x00000000cc06cac0,0x00000000cc080000)
Event: 3959.989 GC heap after
Heap after GC invocations=14 (full 0):
 PSYoungGen      total 193536K, used 5358K [0x00000000f0000000, 0x0000000100000000, 0x0000000100000000)
  eden space 123904K, 0% used [0x00000000f0000000,0x00000000f0000000,0x00000000f7900000)
  from space 69632K, 7% used [0x00000000fbc00000,0x00000000fc13baa0,0x0000000100000000)
  to   space 68608K, 0% used [0x00000000f7900000,0x00000000f7900000,0x00000000fbc00000)
 ParOldGen       total 557056K, used 119210K [0x00000000ce000000, 0x00000000f0000000, 0x00000000f0000000)
  object space 557056K, 21% used [0x00000000ce000000,0x00000000d546abd8,0x00000000f0000000)
 PSPermGen       total 98816K, used 98738K [0x00000000c6000000, 0x00000000cc080000, 0x00000000ce000000)
  object space 98816K, 99% used [0x00000000c6000000,0x00000000cc06cac0,0x00000000cc080000)
}
Event: 4971.327 GC heap before
{Heap before GC invocations=15 (full 0):
 PSYoungGen      total 193536K, used 129262K [0x00000000f0000000, 0x0000000100000000, 0x0000000100000000)
  eden space 123904K, 100% used [0x00000000f0000000,0x00000000f7900000,0x00000000f7900000)
  from space 69632K, 7% used [0x00000000fbc00000,0x00000000fc13baa0,0x0000000100000000)
  to   space 68608K, 0% used [0x00000000f7900000,0x00000000f7900000,0x00000000fbc00000)
 ParOldGen       total 557056K, used 119210K [0x00000000ce000000, 0x00000000f0000000, 0x00000000f0000000)
  object space 557056K, 21% used [0x00000000ce000000,0x00000000d546abd8,0x00000000f0000000)
 PSPermGen       total 99840K, used 99699K [0x00000000c6000000, 0x00000000cc180000, 0x00000000ce000000)
  object space 99840K, 99% used [0x00000000c6000000,0x00000000cc15ce48,0x00000000cc180000)
Event: 4971.353 GC heap after
Heap after GC invocations=15 (full 0):
 PSYoungGen      total 192512K, used 4523K [0x00000000f0000000, 0x0000000100000000, 0x0000000100000000)
  eden space 123904K, 0% used [0x00000000f0000000,0x00000000f0000000,0x00000000f7900000)
  from space 68608K, 6% used [0x00000000f7900000,0x00000000f7d6ac80,0x00000000fbc00000)
  to   space 67072K, 0% used [0x00000000fbe80000,0x00000000fbe80000,0x0000000100000000)
 ParOldGen       total 557056K, used 120323K [0x00000000ce000000, 0x00000000f0000000, 0x00000000f0000000)
  object space 557056K, 21% used [0x00000000ce000000,0x00000000d5580c08,0x00000000f0000000)
 PSPermGen       total 99840K, used 99699K [0x00000000c6000000, 0x00000000cc180000, 0x00000000ce000000)
  object space 99840K, 99% used [0x00000000c6000000,0x00000000cc15ce48,0x00000000cc180000)
}
Event: 5459.961 GC heap before
{Heap before GC invocations=16 (full 0):
 PSYoungGen      total 192512K, used 128427K [0x00000000f0000000, 0x0000000100000000, 0x0000000100000000)
  eden space 123904K, 100% used [0x00000000f0000000,0x00000000f7900000,0x00000000f7900000)
  from space 68608K, 6% used [0x00000000f7900000,0x00000000f7d6ac80,0x00000000fbc00000)
  to   space 67072K, 0% used [0x00000000fbe80000,0x00000000fbe80000,0x0000000100000000)
 ParOldGen       total 557056K, used 120323K [0x00000000ce000000, 0x00000000f0000000, 0x00000000f0000000)
  object space 557056K, 21% used [0x00000000ce000000,0x00000000d5580c08,0x00000000f0000000)
 PSPermGen       total 101376K, used 101210K [0x00000000c6000000, 0x00000000cc300000, 0x00000000ce000000)
  object space 101376K, 99% used [0x00000000c6000000,0x00000000cc2d6820,0x00000000cc300000)
Event: 5459.980 GC heap after
Heap after GC invocations=16 (full 0):
 PSYoungGen      total 196608K, used 4265K [0x00000000f0000000, 0x0000000100000000, 0x0000000100000000)
  eden space 129536K, 0% used [0x00000000f0000000,0x00000000f0000000,0x00000000f7e80000)
  from space 67072K, 6% used [0x00000000fbe80000,0x00000000fc2aa4c0,0x0000000100000000)
  to   space 65536K, 0% used [0x00000000f7e80000,0x00000000f7e80000,0x00000000fbe80000)
 ParOldGen       total 557056K, used 121483K [0x00000000ce000000, 0x00000000f0000000, 0x00000000f0000000)
  object space 557056K, 21% used [0x00000000ce000000,0x00000000d56a2c78,0x00000000f0000000)
 PSPermGen       total 101376K, used 101210K [0x00000000c6000000, 0x00000000cc300000, 0x00000000ce000000)
  object space 101376K, 99% used [0x00000000c6000000,0x00000000cc2d6820,0x00000000cc300000)
}

